<?xml version="1.0" encoding="UTF-8"?>
<!-- Generated by org.testng.reporters.JUnitReportReporter -->
<testsuite hostname="RAM" failures="0" tests="1" name="mavenforjenkins.UITest" time="30.480" errors="0" timestamp="2022-12-20T11:06:51 IST" skipped="0">
  <testcase classname="mavenforjenkins.UITest" name="startBrowser" time="30.480"/>
  <system-out/>
</testsuite> <!-- mavenforjenkins.UITest -->
